The system is: Linux - 5.10.16.3-microsoft-standard-WSL2 - x86_64
Compiling the CXX compiler identification source file "CMakeCXXCompilerId.cpp" succeeded.
Compiler: /mnt/c/TDM-GCC-64/bin/x86_64-w64-mingw32-g++.exe 
Build flags: 
Id flags:  

The output was:
0


Compilation of the CXX compiler identification source "CMakeCXXCompilerId.cpp" produced "a.exe"

The CXX compiler identification is GNU, found in "/mnt/c/Users/lotan/VSCode/DS_HW2_WET/DS_HW2_WET/build/CMakeFiles/3.16.3/CompilerIdCXX/a.exe"

Compiling the CXX compiler identification source file "CMakeCXXCompilerId.cpp" succeeded.
Compiler: /mnt/c/TDM-GCC-64/bin/x86_64-w64-mingw32-g++.exe 
Build flags: 
Id flags:  

The output was:
0


Compilation of the CXX compiler identification source "CMakeCXXCompilerId.cpp" produced "a.exe"

The CXX compiler identification is GNU, found in "/mnt/c/Users/lotan/VSCode/DS_HW2_WET/DS_HW2_WET/build/CMakeFiles/3.16.3/CompilerIdCXX/a.exe"

Compiling the CXX compiler identification source file "CMakeCXXCompilerId.cpp" succeeded.
Compiler: /mnt/c/TDM-GCC-64/bin/x86_64-w64-mingw32-g++.exe 
Build flags: 
Id flags:  

The output was:
0


Compilation of the CXX compiler identification source "CMakeCXXCompilerId.cpp" produced "a.exe"

The CXX compiler identification is GNU, found in "/mnt/c/Users/lotan/VSCode/DS_HW2_WET/DS_HW2_WET/build/CMakeFiles/3.16.3/CompilerIdCXX/a.exe"

Compiling the C compiler identification source file "CMakeCCompilerId.c" succeeded.
Compiler: /mnt/c/TDM-GCC-64/bin/x86_64-w64-mingw32-gcc.exe 
Build flags: 
Id flags:  

The output was:
0


Compilation of the C compiler identification source "CMakeCCompilerId.c" produced "a.exe"

The C compiler identification is GNU, found in "/mnt/c/Users/lotan/VSCode/DS_HW2_WET/DS_HW2_WET/build/CMakeFiles/3.16.3/CompilerIdC/a.exe"

Compiling the CXX compiler identification source file "CMakeCXXCompilerId.cpp" succeeded.
Compiler: /mnt/c/TDM-GCC-64/bin/x86_64-w64-mingw32-g++.exe 
Build flags: 
Id flags:  

The output was:
0


Compilation of the CXX compiler identification source "CMakeCXXCompilerId.cpp" produced "a.exe"

The CXX compiler identification is GNU, found in "/mnt/c/Users/lotan/VSCode/DS_HW2_WET/DS_HW2_WET/build/CMakeFiles/3.16.3/CompilerIdCXX/a.exe"

Compiling the CXX compiler identification source file "CMakeCXXCompilerId.cpp" succeeded.
Compiler: /mnt/c/TDM-GCC-64/bin/x86_64-w64-mingw32-g++.exe 
Build flags: 
Id flags:  

The output was:
0


Compilation of the CXX compiler identification source "CMakeCXXCompilerId.cpp" produced "a.exe"

The CXX compiler identification is GNU, found in "/mnt/c/Users/lotan/VSCode/DS_HW2_WET/DS_HW2_WET/build/CMakeFiles/3.16.3/CompilerIdCXX/a.exe"

Compiling the CXX compiler identification source file "CMakeCXXCompilerId.cpp" succeeded.
Compiler: /mnt/c/TDM-GCC-64/bin/x86_64-w64-mingw32-g++.exe 
Build flags: 
Id flags:  

The output was:
0


Compilation of the CXX compiler identification source "CMakeCXXCompilerId.cpp" produced "a.exe"

The CXX compiler identification is GNU, found in "/mnt/c/Users/lotan/VSCode/DS_HW2_WET/DS_HW2_WET/build/CMakeFiles/3.16.3/CompilerIdCXX/a.exe"

Compiling the CXX compiler identification source file "CMakeCXXCompilerId.cpp" succeeded.
Compiler: /mnt/c/TDM-GCC-64/bin/x86_64-w64-mingw32-g++.exe 
Build flags: 
Id flags:  

The output was:
0


Compilation of the CXX compiler identification source "CMakeCXXCompilerId.cpp" produced "a.exe"

The CXX compiler identification is GNU, found in "/mnt/c/Users/lotan/VSCode/DS_HW2_WET/DS_HW2_WET/build/CMakeFiles/3.16.3/CompilerIdCXX/a.exe"

Compiling the CXX compiler identification source file "CMakeCXXCompilerId.cpp" succeeded.
Compiler: /mnt/c/TDM-GCC-64/bin/x86_64-w64-mingw32-g++.exe 
Build flags: 
Id flags:  

The output was:
0


Compilation of the CXX compiler identification source "CMakeCXXCompilerId.cpp" produced "a.exe"

The CXX compiler identification is GNU, found in "/mnt/c/Users/lotan/VSCode/DS_HW2_WET/DS_HW2_WET/build/CMakeFiles/3.16.3/CompilerIdCXX/a.exe"

Compiling the CXX compiler identification source file "CMakeCXXCompilerId.cpp" succeeded.
Compiler: /mnt/c/TDM-GCC-64/bin/x86_64-w64-mingw32-g++.exe 
Build flags: 
Id flags:  

The output was:
0


Compilation of the CXX compiler identification source "CMakeCXXCompilerId.cpp" produced "a.exe"

The CXX compiler identification is GNU, found in "/mnt/c/Users/lotan/VSCode/DS_HW2_WET/DS_HW2_WET/build/CMakeFiles/3.16.3/CompilerIdCXX/a.exe"

Compiling the CXX compiler identification source file "CMakeCXXCompilerId.cpp" succeeded.
Compiler: /mnt/c/TDM-GCC-64/bin/x86_64-w64-mingw32-g++.exe 
Build flags: 
Id flags:  

The output was:
0


Compilation of the CXX compiler identification source "CMakeCXXCompilerId.cpp" produced "a.exe"

The CXX compiler identification is GNU, found in "/mnt/c/Users/lotan/VSCode/DS_HW2_WET/DS_HW2_WET/build/CMakeFiles/3.16.3/CompilerIdCXX/a.exe"

Compiling the CXX compiler identification source file "CMakeCXXCompilerId.cpp" succeeded.
Compiler: /mnt/c/TDM-GCC-64/bin/x86_64-w64-mingw32-g++.exe 
Build flags: 
Id flags:  

The output was:
0


Compilation of the CXX compiler identification source "CMakeCXXCompilerId.cpp" produced "a.exe"

The CXX compiler identification is GNU, found in "/mnt/c/Users/lotan/VSCode/DS_HW2_WET/DS_HW2_WET/build/CMakeFiles/3.16.3/CompilerIdCXX/a.exe"

Compiling the CXX compiler identification source file "CMakeCXXCompilerId.cpp" succeeded.
Compiler: /mnt/c/TDM-GCC-64/bin/x86_64-w64-mingw32-g++.exe 
Build flags: 
Id flags:  

The output was:
0


Compilation of the CXX compiler identification source "CMakeCXXCompilerId.cpp" produced "a.exe"

The CXX compiler identification is GNU, found in "/mnt/c/Users/lotan/VSCode/DS_HW2_WET/DS_HW2_WET/build/CMakeFiles/3.16.3/CompilerIdCXX/a.exe"

Compiling the CXX compiler identification source file "CMakeCXXCompilerId.cpp" succeeded.
Compiler: /mnt/c/TDM-GCC-64/bin/x86_64-w64-mingw32-g++.exe 
Build flags: 
Id flags:  

The output was:
0


Compilation of the CXX compiler identification source "CMakeCXXCompilerId.cpp" produced "a.exe"

The CXX compiler identification is GNU, found in "/mnt/c/Users/lotan/VSCode/DS_HW2_WET/DS_HW2_WET/build/CMakeFiles/3.16.3/CompilerIdCXX/a.exe"

Compiling the CXX compiler identification source file "CMakeCXXCompilerId.cpp" succeeded.
Compiler: /mnt/c/TDM-GCC-64/bin/x86_64-w64-mingw32-g++.exe 
Build flags: 
Id flags:  

The output was:
0


Compilation of the CXX compiler identification source "CMakeCXXCompilerId.cpp" produced "a.exe"

The CXX compiler identification is GNU, found in "/mnt/c/Users/lotan/VSCode/DS_HW2_WET/DS_HW2_WET/build/CMakeFiles/3.16.3/CompilerIdCXX/a.exe"

Compiling the CXX compiler identification source file "CMakeCXXCompilerId.cpp" succeeded.
Compiler: /mnt/c/TDM-GCC-64/bin/x86_64-w64-mingw32-g++.exe 
Build flags: 
Id flags:  

The output was:
0


Compilation of the CXX compiler identification source "CMakeCXXCompilerId.cpp" produced "a.exe"

The CXX compiler identification is GNU, found in "/mnt/c/Users/lotan/VSCode/DS_HW2_WET/DS_HW2_WET/build/CMakeFiles/3.16.3/CompilerIdCXX/a.exe"

Compiling the CXX compiler identification source file "CMakeCXXCompilerId.cpp" succeeded.
Compiler: /mnt/c/TDM-GCC-64/bin/x86_64-w64-mingw32-g++.exe 
Build flags: 
Id flags:  

The output was:
0


Compilation of the CXX compiler identification source "CMakeCXXCompilerId.cpp" produced "a.exe"

The CXX compiler identification is GNU, found in "/mnt/c/Users/lotan/VSCode/DS_HW2_WET/DS_HW2_WET/build/CMakeFiles/3.16.3/CompilerIdCXX/a.exe"

Compiling the CXX compiler identification source file "CMakeCXXCompilerId.cpp" succeeded.
Compiler: /mnt/c/TDM-GCC-64/bin/x86_64-w64-mingw32-g++.exe 
Build flags: 
Id flags:  

The output was:
0


Compilation of the CXX compiler identification source "CMakeCXXCompilerId.cpp" produced "a.exe"

The CXX compiler identification is GNU, found in "/mnt/c/Users/lotan/VSCode/DS_HW2_WET/DS_HW2_WET/build/CMakeFiles/3.16.3/CompilerIdCXX/a.exe"

